<?xml version="1.0" encoding="UTF-8"?>
<testng-results ignored="0" total="2" passed="2" failed="0" skipped="0">
  <reporter-output>
  </reporter-output>
  <suite started-at="2022-09-30T10:50:19 IST" name="Default suite" finished-at="2022-09-30T10:51:07 IST" duration-ms="47730">
    <groups>
    </groups>
    <test started-at="2022-09-30T10:50:19 IST" name="Default test" finished-at="2022-09-30T10:51:07 IST" duration-ms="47730">
      <class name="testNGPpkNinja.NGClass1">
        <test-method signature="iphone()[pri:0, instance:testNGPpkNinja.NGClass1@f5ac9e4]" started-at="2022-09-30T10:50:19 IST" name="iphone" finished-at="2022-09-30T10:50:43 IST" duration-ms="23821" status="PASS">
          <reporter-output>
          </reporter-output>
        </test-method> <!-- iphone -->
        <test-method signature="methodA()[pri:0, instance:testNGPpkNinja.NGClass1@f5ac9e4]" started-at="2022-09-30T10:50:43 IST" name="methodA" finished-at="2022-09-30T10:51:07 IST" duration-ms="23630" status="PASS">
          <reporter-output>
          </reporter-output>
        </test-method> <!-- methodA -->
      </class> <!-- testNGPpkNinja.NGClass1 -->
    </test> <!-- Default test -->
  </suite> <!-- Default suite -->
</testng-results>
